<?xml version="1.0" encoding="UTF-8"?>
<testsuite name="videoChat.solo.SoloApplicationTests" tests="1" skipped="0" failures="0" errors="0" timestamp="2024-04-29T12:21:04" hostname="hwangtaeyeon-ui-noteubug.local" time="0.377">
  <properties/>
  <testcase name="contextLoads()" classname="videoChat.solo.SoloApplicationTests" time="0.377"/>
  <system-out><![CDATA[21:21:03.911 [Test worker] INFO org.springframework.test.context.support.AnnotationConfigContextLoaderUtils -- Could not detect default configuration classes for test class [videoChat.solo.SoloApplicationTests]: SoloApplicationTests does not declare any static, non-private, non-final, nested classes annotated with @Configuration.
21:21:03.945 [Test worker] INFO org.springframework.boot.test.context.SpringBootTestContextBootstrapper -- Found @SpringBootConfiguration videoChat.solo.SoloApplication for test class videoChat.solo.SoloApplicationTests

  .   ____          _            __ _ _
 /\\ / ___'_ __ _ _(_)_ __  __ _ \ \ \ \
( ( )\___ | '_ | '_| | '_ \/ _` | \ \ \ \
 \\/  ___)| |_)| | | | | || (_| |  ) ) ) )
  '  |____| .__|_| |_|_| |_\__, | / / / /
 =========|_|==============|___/=/_/_/_/
 :: Spring Boot ::                (v3.2.5)

2024-04-29T21:21:04.088+09:00  INFO 3733 --- [    Test worker] videoChat.solo.SoloApplicationTests      : Starting SoloApplicationTests using Java 17.0.11 with PID 3733 (started by bighwang in /Users/bighwang/Documents/workspace/solo)
2024-04-29T21:21:04.088+09:00  INFO 3733 --- [    Test worker] videoChat.solo.SoloApplicationTests      : No active profile set, falling back to 1 default profile: "default"
2024-04-29T21:21:04.512+09:00  INFO 3733 --- [    Test worker] videoChat.solo.SoloApplicationTests      : Started SoloApplicationTests in 0.519 seconds (process running for 0.896)
bean : org.springframework.boot.test.mock.mockito.MockitoPostProcessor$SpyPostProcessor
bean : org.springframework.boot.test.mock.mockito.MockitoPostProcessor
bean : org.springframework.context.annotation.internalConfigurationAnnotationProcessor
bean : org.springframework.context.annotation.internalAutowiredAnnotationProcessor
bean : org.springframework.context.annotation.internalCommonAnnotationProcessor
bean : org.springframework.context.event.internalEventListenerProcessor
bean : org.springframework.context.event.internalEventListenerFactory
bean : soloApplication
bean : org.springframework.boot.autoconfigure.internalCachingMetadataReaderFactory
bean : sslConfig
bean : application
bean : webSocketConfig
bean : mainController
bean : roomService
bean : mainServiceImpl
bean : signalHandlerSocket
bean : parser
bean : servletContainer
bean : org.springframework.web.socket.config.annotation.DelegatingWebSocketConfiguration
bean : webSocketHandlerMapping
bean : defaultSockJsSchedulerContainer
bean : org.springframework.boot.autoconfigure.AutoConfigurationPackages
bean : signalHandler
bean : org.springframework.boot.autoconfigure.context.PropertyPlaceholderAutoConfiguration
bean : propertySourcesPlaceholderConfigurer
bean : org.springframework.boot.autoconfigure.ssl.SslAutoConfiguration
bean : fileWatcher
bean : sslPropertiesSslBundleRegistrar
bean : sslBundleRegistry
bean : org.springframework.boot.context.properties.ConfigurationPropertiesBindingPostProcessor
bean : org.springframework.boot.context.internalConfigurationPropertiesBinder
bean : org.springframework.boot.context.properties.BoundConfigurationProperties
bean : org.springframework.boot.context.properties.EnableConfigurationPropertiesRegistrar.methodValidationExcludeFilter
bean : spring.ssl-org.springframework.boot.autoconfigure.ssl.SslProperties
bean : org.springframework.boot.autoconfigure.websocket.servlet.WebSocketServletAutoConfiguration$TomcatWebSocketConfiguration
bean : websocketServletWebServerCustomizer
bean : org.springframework.boot.autoconfigure.websocket.servlet.WebSocketServletAutoConfiguration
bean : org.springframework.boot.autoconfigure.web.servlet.ServletWebServerFactoryAutoConfiguration
bean : servletWebServerFactoryCustomizer
bean : tomcatServletWebServerFactoryCustomizer
bean : server-org.springframework.boot.autoconfigure.web.ServerProperties
bean : webServerFactoryCustomizerBeanPostProcessor
bean : errorPageRegistrarBeanPostProcessor
bean : org.springframework.boot.autoconfigure.web.servlet.DispatcherServletAutoConfiguration$DispatcherServletConfiguration
bean : dispatcherServlet
bean : spring.mvc-org.springframework.boot.autoconfigure.web.servlet.WebMvcProperties
bean : org.springframework.boot.autoconfigure.web.servlet.DispatcherServletAutoConfiguration$DispatcherServletRegistrationConfiguration
bean : dispatcherServletRegistration
bean : org.springframework.boot.autoconfigure.web.servlet.DispatcherServletAutoConfiguration
bean : org.springframework.boot.autoconfigure.task.TaskExecutorConfigurations$ThreadPoolTaskExecutorBuilderConfiguration
bean : threadPoolTaskExecutorBuilder
bean : org.springframework.boot.autoconfigure.task.TaskExecutorConfigurations$TaskExecutorBuilderConfiguration
bean : taskExecutorBuilder
bean : org.springframework.boot.autoconfigure.task.TaskExecutorConfigurations$SimpleAsyncTaskExecutorBuilderConfiguration
bean : simpleAsyncTaskExecutorBuilder
bean : org.springframework.boot.autoconfigure.task.TaskExecutorConfigurations$TaskExecutorConfiguration
bean : applicationTaskExecutor
bean : org.springframework.boot.autoconfigure.task.TaskExecutionAutoConfiguration
bean : spring.task.execution-org.springframework.boot.autoconfigure.task.TaskExecutionProperties
bean : org.springframework.boot.autoconfigure.web.servlet.error.ErrorMvcAutoConfiguration$WhitelabelErrorViewConfiguration
bean : error
bean : beanNameViewResolver
bean : org.springframework.boot.autoconfigure.web.servlet.error.ErrorMvcAutoConfiguration$DefaultErrorViewResolverConfiguration
bean : conventionErrorViewResolver
bean : spring.web-org.springframework.boot.autoconfigure.web.WebProperties
bean : org.springframework.boot.autoconfigure.web.servlet.error.ErrorMvcAutoConfiguration
bean : errorAttributes
bean : basicErrorController
bean : errorPageCustomizer
bean : preserveErrorControllerTargetClassPostProcessor
bean : org.springframework.boot.autoconfigure.web.servlet.WebMvcAutoConfiguration$EnableWebMvcConfiguration
bean : welcomePageHandlerMapping
bean : welcomePageNotAcceptableHandlerMapping
bean : localeResolver
bean : themeResolver
bean : flashMapManager
bean : mvcConversionService
bean : mvcValidator
bean : mvcContentNegotiationManager
bean : requestMappingHandlerMapping
bean : mvcPatternParser
bean : mvcUrlPathHelper
bean : mvcPathMatcher
bean : viewControllerHandlerMapping
bean : beanNameHandlerMapping
bean : routerFunctionMapping
bean : resourceHandlerMapping
bean : mvcResourceUrlProvider
bean : defaultServletHandlerMapping
bean : requestMappingHandlerAdapter
bean : handlerFunctionAdapter
bean : mvcUriComponentsContributor
bean : httpRequestHandlerAdapter
bean : simpleControllerHandlerAdapter
bean : handlerExceptionResolver
bean : mvcViewResolver
bean : mvcHandlerMappingIntrospector
bean : viewNameTranslator
bean : org.springframework.boot.autoconfigure.web.servlet.WebMvcAutoConfiguration$WebMvcAutoConfigurationAdapter
bean : defaultViewResolver
bean : viewResolver
bean : requestContextFilter
bean : org.springframework.boot.autoconfigure.web.servlet.WebMvcAutoConfiguration
bean : formContentFilter
bean : org.springframework.boot.autoconfigure.aop.AopAutoConfiguration$ClassProxyingConfiguration
bean : forceAutoProxyCreatorToUseClassProxying
bean : org.springframework.boot.autoconfigure.aop.AopAutoConfiguration
bean : org.springframework.boot.autoconfigure.availability.ApplicationAvailabilityAutoConfiguration
bean : applicationAvailability
bean : org.springframework.boot.autoconfigure.jackson.JacksonAutoConfiguration$Jackson2ObjectMapperBuilderCustomizerConfiguration
bean : standardJacksonObjectMapperBuilderCustomizer
bean : spring.jackson-org.springframework.boot.autoconfigure.jackson.JacksonProperties
bean : org.springframework.boot.autoconfigure.jackson.JacksonAutoConfiguration$JacksonObjectMapperBuilderConfiguration
bean : jacksonObjectMapperBuilder
bean : org.springframework.boot.autoconfigure.jackson.JacksonAutoConfiguration$ParameterNamesModuleConfiguration
bean : parameterNamesModule
bean : org.springframework.boot.autoconfigure.jackson.JacksonAutoConfiguration$JacksonObjectMapperConfiguration
bean : jacksonObjectMapper
bean : org.springframework.boot.autoconfigure.jackson.JacksonAutoConfiguration$JacksonMixinConfiguration
bean : jsonMixinModuleEntries
bean : jsonMixinModule
bean : org.springframework.boot.autoconfigure.jackson.JacksonAutoConfiguration
bean : jsonComponentModule
bean : org.springframework.boot.autoconfigure.context.ConfigurationPropertiesAutoConfiguration
bean : org.springframework.boot.autoconfigure.context.LifecycleAutoConfiguration
bean : lifecycleProcessor
bean : spring.lifecycle-org.springframework.boot.autoconfigure.context.LifecycleProperties
bean : org.springframework.boot.autoconfigure.http.HttpMessageConvertersAutoConfiguration$StringHttpMessageConverterConfiguration
bean : stringHttpMessageConverter
bean : org.springframework.boot.autoconfigure.http.JacksonHttpMessageConvertersConfiguration$MappingJackson2HttpMessageConverterConfiguration
bean : mappingJackson2HttpMessageConverter
bean : org.springframework.boot.autoconfigure.http.JacksonHttpMessageConvertersConfiguration
bean : org.springframework.boot.autoconfigure.http.HttpMessageConvertersAutoConfiguration
bean : messageConverters
bean : org.springframework.boot.autoconfigure.info.ProjectInfoAutoConfiguration
bean : spring.info-org.springframework.boot.autoconfigure.info.ProjectInfoProperties
bean : org.springframework.boot.autoconfigure.sql.init.SqlInitializationAutoConfiguration
bean : spring.sql.init-org.springframework.boot.autoconfigure.sql.init.SqlInitializationProperties
bean : org.springframework.boot.sql.init.dependency.DatabaseInitializationDependencyConfigurer$DependsOnDatabaseInitializationPostProcessor
bean : org.springframework.boot.autoconfigure.task.TaskSchedulingConfigurations$ThreadPoolTaskSchedulerBuilderConfiguration
bean : threadPoolTaskSchedulerBuilder
bean : org.springframework.boot.autoconfigure.task.TaskSchedulingConfigurations$TaskSchedulerBuilderConfiguration
bean : taskSchedulerBuilder
bean : org.springframework.boot.autoconfigure.task.TaskSchedulingConfigurations$SimpleAsyncTaskSchedulerBuilderConfiguration
bean : simpleAsyncTaskSchedulerBuilder
bean : org.springframework.boot.autoconfigure.task.TaskSchedulingAutoConfiguration
bean : spring.task.scheduling-org.springframework.boot.autoconfigure.task.TaskSchedulingProperties
bean : org.springframework.boot.autoconfigure.thymeleaf.ThymeleafAutoConfiguration$ThymeleafWebMvcConfiguration$ThymeleafViewResolverConfiguration
bean : thymeleafViewResolver
bean : org.springframework.boot.autoconfigure.thymeleaf.ThymeleafAutoConfiguration$ThymeleafWebMvcConfiguration
bean : org.springframework.boot.autoconfigure.thymeleaf.ThymeleafAutoConfiguration$DefaultTemplateResolverConfiguration
bean : defaultTemplateResolver
bean : org.springframework.boot.autoconfigure.thymeleaf.TemplateEngineConfigurations$DefaultTemplateEngineConfiguration
bean : templateEngine
bean : org.springframework.boot.autoconfigure.thymeleaf.ThymeleafAutoConfiguration
bean : spring.thymeleaf-org.springframework.boot.autoconfigure.thymeleaf.ThymeleafProperties
bean : org.springframework.boot.autoconfigure.web.client.RestClientAutoConfiguration
bean : httpMessageConvertersRestClientCustomizer
bean : restClientSsl
bean : restClientBuilderConfigurer
bean : restClientBuilder
bean : org.springframework.boot.autoconfigure.web.client.RestTemplateAutoConfiguration
bean : restTemplateBuilderConfigurer
bean : restTemplateBuilder
bean : org.springframework.boot.autoconfigure.web.servlet.HttpEncodingAutoConfiguration
bean : characterEncodingFilter
bean : localeCharsetMappingsCustomizer
bean : org.springframework.boot.autoconfigure.web.servlet.MultipartAutoConfiguration
bean : multipartConfigElement
bean : multipartResolver
bean : spring.servlet.multipart-org.springframework.boot.autoconfigure.web.servlet.MultipartProperties
bean : org.springframework.boot.autoconfigure.websocket.servlet.WebSocketMessagingAutoConfiguration
bean : org.springframework.aop.config.internalAutoProxyCreator
websocket bean : videoChat.solo.webrtc.socket.SignalHandlerSocket@5a936e64
]]></system-out>
  <system-err><![CDATA[]]></system-err>
</testsuite>
